TN:
SF:src/repository/mockCatalog.repository.ts
FN:5,create
FN:15,update
FN:25,delete
FN:28,find
FN:31,findOne
FNF:5
FNH:2
FNDA:1,create
FNDA:1,update
FNDA:0,delete
FNDA:0,find
FNDA:0,findOne
DA:1,1
DA:2,1
DA:3,1
DA:4,1
DA:5,1
DA:6,1
DA:7,1
DA:8,1
DA:9,1
DA:10,1
DA:11,1
DA:12,1
DA:13,1
DA:14,1
DA:15,1
DA:16,1
DA:17,1
DA:18,1
DA:19,1
DA:20,1
DA:21,1
DA:22,1
DA:23,1
DA:24,1
DA:25,1
DA:26,0
DA:27,0
DA:28,1
DA:29,0
DA:30,0
DA:31,1
DA:32,0
DA:33,0
DA:34,1
DA:35,1
DA:36,1
LF:36
LH:30
BRDA:5,0,0,1
BRDA:15,1,0,1
BRF:2
BRH:2
end_of_record
TN:
SF:src/services/catalog.service.ts
FN:6,CatalogService
FN:10,createProduct
FN:18,updateProduct
FN:25,getProducts
FN:27,getProduct
FN:29,deleteProduct
FNF:6
FNH:3
FNDA:5,CatalogService
FNDA:3,createProduct
FNDA:2,updateProduct
FNDA:0,getProducts
FNDA:0,getProduct
FNDA:0,deleteProduct
DA:1,1
DA:2,1
DA:3,1
DA:4,1
DA:5,1
DA:6,1
DA:7,5
DA:8,5
DA:9,1
DA:10,1
DA:11,3
DA:12,3
DA:13,1
DA:14,1
DA:15,1
DA:16,1
DA:17,1
DA:18,1
DA:19,2
DA:20,1
DA:21,1
DA:22,1
DA:23,1
DA:24,1
DA:25,1
DA:26,1
DA:27,1
DA:28,1
DA:29,1
DA:30,1
DA:31,1
DA:32,1
LF:32
LH:32
BRDA:6,0,0,5
BRDA:10,1,0,3
BRDA:12,2,0,2
BRDA:12,3,0,1
BRDA:18,4,0,2
BRDA:20,5,0,1
BRF:6
BRH:6
end_of_record
